#
# There is insufficient memory for the Java Runtime Environment to continue.
# Native memory allocation (mmap) failed to map 132120576 bytes for G1 virtual space
# Possible reasons:
#   The system is out of physical RAM or swap space
#   The process is running with CompressedOops enabled, and the Java Heap may be blocking the growth of the native heap
# Possible solutions:
#   Reduce memory load on the system
#   Increase physical memory or swap space
#   Check if swap backing store is full
#   Decrease Java heap size (-Xmx/-Xms)
#   Decrease number of Java threads
#   Decrease Java thread stack sizes (-Xss)
#   Set larger code cache with -XX:ReservedCodeCacheSize=
#   JVM is running with Unscaled Compressed Oops mode in which the Java heap is
#     placed in the first 4GB address space. The Java Heap base address is the
#     maximum limit for the native heap growth. Please use -XX:HeapBaseMinAddress
#     to set the Java Heap base and to place the Java Heap above 4GB virtual address.
# This output file may be truncated or incomplete.
#
#  Out of Memory Error (os_windows.cpp:3528), pid=8472, tid=5424
#
# JRE version:  (20.0.1+9) (build )
# Java VM: Java HotSpot(TM) 64-Bit Server VM (20.0.1+9-29, mixed mode, sharing, tiered, compressed oops, compressed class ptrs, g1 gc, windows-amd64)
# No core dump will be written. Minidumps are not enabled by default on client versions of Windows
#

---------------  S U M M A R Y ------------

Command Line: -javaagent:C:\Program Files\JetBrains\IntelliJ IDEA Community Edition 2023.1.2\lib\idea_rt.jar=52503:C:\Program Files\JetBrains\IntelliJ IDEA Community Edition 2023.1.2\bin -Dfile.encoding=UTF-8 -Dsun.stdout.encoding=UTF-8 -Dsun.stderr.encoding=UTF-8 AnalyzeCodeSubmission

Host: Intel(R) Core(TM) i7-8565U CPU @ 1.80GHz, 8 cores, 7G,  Windows 11 , 64 bit Build 22621 (10.0.22621.2506)
Time: Thu Nov  2 10:57:43 2023 SE Asia Standard Time elapsed time: 0.046676 seconds (0d 0h 0m 0s)

---------------  T H R E A D  ---------------

Current thread (0x000002a2bd6187d0):  JavaThread "Unknown thread" [_thread_in_vm, id=5424, stack(0x000000db79800000,0x000000db79900000)]

Stack: [0x000000db79800000,0x000000db79900000]
Native frames: (J=compiled Java code, j=interpreted, Vv=VM code, C=native code)
V  [jvm.dll+0x6bb95a]
V  [jvm.dll+0x8485fa]
V  [jvm.dll+0x84a1f5]
V  [jvm.dll+0x84a8f3]
V  [jvm.dll+0x280b0f]
V  [jvm.dll+0x6b86e9]
V  [jvm.dll+0x6ad2da]
V  [jvm.dll+0x35adf5]
V  [jvm.dll+0x363016]
V  [jvm.dll+0x3b3b3e]
V  [jvm.dll+0x3b3dc5]
V  [jvm.dll+0x32b50a]
V  [jvm.dll+0x32c32b]
V  [jvm.dll+0x8112bf]
V  [jvm.dll+0x3c0d91]
V  [jvm.dll+0x7fcfe3]
V  [jvm.dll+0x44c76f]
V  [jvm.dll+0x44e0e1]
C  [jli.dll+0x5287]
C  [ucrtbase.dll+0x29363]
C  [KERNEL32.DLL+0x1257d]
C  [ntdll.dll+0x5aa58]


---------------  P R O C E S S  ---------------

Threads class SMR info:
_java_thread_list=0x00007ffce7bca098, length=0, elements={
}

Java Threads: ( => current thread )

Other Threads:
  0x000002a2bd677a00 WorkerThread "GC Thread#0" [stack: 0x000000db79900000,0x000000db79a00000] [id=7136]
  0x000002a2bd689160 ConcurrentGCThread "G1 Main Marker" [stack: 0x000000db79a00000,0x000000db79b00000] [id=23844]
  0x000002a2bd689b90 WorkerThread "G1 Conc#0" [stack: 0x000000db79b00000,0x000000db79c00000] [id=25196]

[error occurred during error reporting (printing all threads), id 0xc0000005, EXCEPTION_ACCESS_VIOLATION (0xc0000005) at pc=0x00007ffce73aeb47]
VM state: not at safepoint (not fully initialized)

VM Mutex/Monitor currently owned by a thread:  ([mutex/lock_event])
[0x000002a2bd617150] Heap_lock - owner thread: 0x000002a2bd6187d0

Heap address: 0x0000000083e00000, size: 1986 MB, Compressed Oops mode: 32-bit

CDS archive(s) mapped at: [0x0000000000000000-0x0000000000000000-0x0000000000000000), size 0, SharedBaseAddress: 0x0000000800000000, ArchiveRelocationMode: 0.
Narrow klass base: 0x0000000000000000, Narrow klass shift: 0, Narrow klass range: 0x0

GC Precious Log:
 CardTable entry size: 512
 Card Set container configuration: InlinePtr #cards 5 size 8 Array Of Cards #cards 12 size 40 Howl #buckets 4 coarsen threshold 1843 Howl Bitmap #cards 512 size 80 coarsen threshold 460 Card regions per heap region 1 cards per card region 2048

Heap:
 garbage-first heap   total 0K, used 0K [0x0000000083e00000, 0x0000000100000000)
  region size 1024K, 0 young (0K), 0 survivors (0K)

[error occurred during error reporting (printing heap information), id 0xc0000005, EXCEPTION_ACCESS_VIOLATION (0xc0000005) at pc=0x00007ffce7783c59]
GC Heap History (0 events):
No events

Dll operation events (1 events):
Event: 0.033 Loaded shared library C:\Program Files\Java\jdk-20\bin\java.dll

Deoptimization events (0 events):
No events

Classes loaded (0 events):
No events

Classes unloaded (0 events):
No events

Classes redefined (0 events):
No events

Internal exceptions (0 events):
No events

VM Operations (0 events):
No events

Events (0 events):
No events


Dynamic libraries:
0x00007ff632220000 - 0x00007ff632230000 	C:\Program Files\Java\jdk-20\bin\java.exe
0x00007ffdaec10000 - 0x00007ffdaee27000 	C:\WINDOWS\SYSTEM32\ntdll.dll
0x00007ffdad0c0000 - 0x00007ffdad184000 	C:\WINDOWS\System32\KERNEL32.DLL
0x00007ffdac430000 - 0x00007ffdac7d7000 	C:\WINDOWS\System32\KERNELBASE.dll
0x00007ffdabf90000 - 0x00007ffdac0a1000 	C:\WINDOWS\System32\ucrtbase.dll
0x00007ffd620c0000 - 0x00007ffd620d9000 	C:\Program Files\Java\jdk-20\bin\jli.dll
0x00007ffdacff0000 - 0x00007ffdad0a0000 	C:\WINDOWS\System32\ADVAPI32.dll
0x00007ffdac9f0000 - 0x00007ffdaca97000 	C:\WINDOWS\System32\msvcrt.dll
0x00007ffdadee0000 - 0x00007ffdadf86000 	C:\WINDOWS\System32\sechost.dll
0x00007ffdae750000 - 0x00007ffdae867000 	C:\WINDOWS\System32\RPCRT4.dll
0x00007ffdacd40000 - 0x00007ffdaceee000 	C:\WINDOWS\System32\USER32.dll
0x00007ffdac0b0000 - 0x00007ffdac0d6000 	C:\WINDOWS\System32\win32u.dll
0x00007ffdae880000 - 0x00007ffdae8a9000 	C:\WINDOWS\System32\GDI32.dll
0x00007ffd9e170000 - 0x00007ffd9e403000 	C:\WINDOWS\WinSxS\amd64_microsoft.windows.common-controls_6595b64144ccf1df_6.0.22621.2506_none_270c5ae97388e100\COMCTL32.dll
0x00007ffdac850000 - 0x00007ffdac969000 	C:\WINDOWS\System32\gdi32full.dll
0x00007ffd648f0000 - 0x00007ffd6490b000 	C:\Program Files\Java\jdk-20\bin\VCRUNTIME140.dll
0x00007ffdac390000 - 0x00007ffdac42a000 	C:\WINDOWS\System32\msvcp_win.dll
0x00007ffda3f70000 - 0x00007ffda3f7a000 	C:\WINDOWS\SYSTEM32\VERSION.dll
0x00007ffdacb20000 - 0x00007ffdacb51000 	C:\WINDOWS\System32\IMM32.DLL
0x00007ffd9de70000 - 0x00007ffd9de7c000 	C:\Program Files\Java\jdk-20\bin\vcruntime140_1.dll
0x00007ffd3c5c0000 - 0x00007ffd3c64e000 	C:\Program Files\Java\jdk-20\bin\msvcp140.dll
0x00007ffce7070000 - 0x00007ffce7d07000 	C:\Program Files\Java\jdk-20\bin\server\jvm.dll
0x00007ffda5a80000 - 0x00007ffda5ab4000 	C:\WINDOWS\SYSTEM32\WINMM.dll
0x00007ffd79b40000 - 0x00007ffd79b49000 	C:\WINDOWS\SYSTEM32\WSOCK32.dll
0x00007ffdac970000 - 0x00007ffdac9e1000 	C:\WINDOWS\System32\WS2_32.dll
0x00007ffdab020000 - 0x00007ffdab038000 	C:\WINDOWS\SYSTEM32\kernel.appcore.dll
0x00007ffd90460000 - 0x00007ffd9046a000 	C:\Program Files\Java\jdk-20\bin\jimage.dll
0x00007ffd9d860000 - 0x00007ffd9da93000 	C:\WINDOWS\SYSTEM32\DBGHELP.DLL
0x00007ffdae1a0000 - 0x00007ffdae529000 	C:\WINDOWS\System32\combase.dll
0x00007ffdacb60000 - 0x00007ffdacc37000 	C:\WINDOWS\System32\OLEAUT32.dll
0x00007ffd9dd80000 - 0x00007ffd9ddb2000 	C:\WINDOWS\SYSTEM32\dbgcore.DLL
0x00007ffdac0e0000 - 0x00007ffdac15a000 	C:\WINDOWS\System32\bcryptPrimitives.dll
0x00007ffd8cc60000 - 0x00007ffd8cc6e000 	C:\Program Files\Java\jdk-20\bin\instrument.dll
0x00007ffd550d0000 - 0x00007ffd550f6000 	C:\Program Files\Java\jdk-20\bin\java.dll

dbghelp: loaded successfully - version: 4.0.5 - missing functions: none
symbol engine: initialized successfully - sym options: 0x614 - pdb path: .;C:\Program Files\Java\jdk-20\bin;C:\WINDOWS\SYSTEM32;C:\WINDOWS\WinSxS\amd64_microsoft.windows.common-controls_6595b64144ccf1df_6.0.22621.2506_none_270c5ae97388e100;C:\Program Files\Java\jdk-20\bin\server

VM Arguments:
jvm_args: -javaagent:C:\Program Files\JetBrains\IntelliJ IDEA Community Edition 2023.1.2\lib\idea_rt.jar=52503:C:\Program Files\JetBrains\IntelliJ IDEA Community Edition 2023.1.2\bin -Dfile.encoding=UTF-8 -Dsun.stdout.encoding=UTF-8 -Dsun.stderr.encoding=UTF-8 
java_command: AnalyzeCodeSubmission
java_class_path (initial): D:\Documents\Subjets_2023.1\Project_1\Week_8\Java_Program\out\production\Java_Program
Launcher Type: SUN_STANDARD

[Global flags]
     intx CICompilerCount                          = 4                                         {product} {ergonomic}
     uint ConcGCThreads                            = 2                                         {product} {ergonomic}
     uint G1ConcRefinementThreads                  = 8                                         {product} {ergonomic}
   size_t G1HeapRegionSize                         = 1048576                                   {product} {ergonomic}
    uintx GCDrainStackTargetSize                   = 64                                        {product} {ergonomic}
   size_t InitialHeapSize                          = 132120576                                 {product} {ergonomic}
   size_t MarkStackSize                            = 4194304                                   {product} {ergonomic}
   size_t MaxHeapSize                              = 2082471936                                {product} {ergonomic}
   size_t MinHeapDeltaBytes                        = 1048576                                   {product} {ergonomic}
   size_t MinHeapSize                              = 8388608                                   {product} {ergonomic}
    uintx NonNMethodCodeHeapSize                   = 5839372                                {pd product} {ergonomic}
    uintx NonProfiledCodeHeapSize                  = 122909434                              {pd product} {ergonomic}
    uintx ProfiledCodeHeapSize                     = 122909434                              {pd product} {ergonomic}
    uintx ReservedCodeCacheSize                    = 251658240                              {pd product} {ergonomic}
     bool SegmentedCodeCache                       = true                                      {product} {ergonomic}
   size_t SoftMaxHeapSize                          = 2082471936                             {manageable} {ergonomic}
     bool UseCompressedClassPointers               = true                           {product lp64_product} {ergonomic}
     bool UseCompressedOops                        = true                           {product lp64_product} {ergonomic}
     bool UseG1GC                                  = true                                      {product} {ergonomic}
     bool UseLargePagesIndividualAllocation        = false                                  {pd product} {ergonomic}

Logging:
Log output configuration:
 #0: stdout all=warning uptime,level,tags foldmultilines=false
 #1: stderr all=off uptime,level,tags foldmultilines=false

Environment Variables:
PATH=C:\Program Files\Common Files\Oracle\Java\javapath;C:\WINDOWS\system32;C:\WINDOWS;C:\WINDOWS\System32\Wbem;C:\WINDOWS\System32\WindowsPowerShell\v1.0\;C:\WINDOWS\System32\OpenSSH\;C:\Program Files\Intel\WiFi\bin\;C:\Program Files\Common Files\Intel\WirelessCommon\;C:\MinGW\bin;C:\Program Files\Microsoft SQL Server\150\Tools\Binn\;C:\Program Files\Microsoft SQL Server\Client SDK\ODBC\170\Tools\Binn\;C:\Program Files\dotnet\;C:\WINDOWS\system32;C:\WINDOWS;C:\WINDOWS\System32\Wbem;C:\WINDOWS\System32\WindowsPowerShell\v1.0\;C:\WINDOWS\System32\OpenSSH\;C:\Program Files\Microsoft SQL Server\120\Tools\Binn\;C:\Program Files\Microsoft SQL Server\Client SDK\ODBC\110\Tools\Binn\;C:\Program Files (x86)\Microsoft SQL Server\120\Tools\Binn\;C:\Program Files\Microsoft SQL Server\120\DTS\Binn\;C:\Program Files (x86)\Microsoft SQL Server\120\Tools\Binn\ManagementStudio\;C:\Program Files (x86)\Microsoft SQL Server\120\DTS\Binn\;C:\Program Files\nodejs\;C:\Program Files\Git\cmd;C:\Program Files\Java\jdk-20\bin;C:\Users\manh\AppData\Local\Microsoft\WindowsApps;C:\Users\manh\.dotnet\tools;C:\Program Files\JetBrains\IntelliJ IDEA Community Edition 2023.1.2\bin;;C:\Program Files\Java\jdk-17\bin;C:\Program Files\Java\jdk-17;C:\Users\manh\AppData\Local\Programs\Microsoft VS Code\bin;C:\Users\manh\AppData\Roaming\npm
USERNAME=manh
OS=Windows_NT
PROCESSOR_IDENTIFIER=Intel64 Family 6 Model 142 Stepping 12, GenuineIntel
TMP=C:\Users\manh\AppData\Local\Temp
TEMP=C:\Users\manh\AppData\Local\Temp




---------------  S Y S T E M  ---------------

OS:
 Windows 11 , 64 bit Build 22621 (10.0.22621.2506)
OS uptime: 1 days 1:14 hours

CPU: total 8 (initial active 8) (4 cores per cpu, 2 threads per core) family 6 model 142 stepping 12 microcode 0xde, cx8, cmov, fxsr, ht, mmx, 3dnowpref, sse, sse2, sse3, ssse3, sse4.1, sse4.2, popcnt, lzcnt, tsc, tscinvbit, avx, avx2, aes, erms, clmul, bmi1, bmi2, adx, fma, vzeroupper, clflush, clflushopt, rdtscp, f16c

Memory: 4k page, system-wide physical 7939M (840M free)
TotalPageFile size 19833M (AvailPageFile size 59M)
current process WorkingSet (physical memory assigned to process): 11M, peak: 11M
current process commit charge ("private bytes"): 60M, peak: 186M

vm_info: Java HotSpot(TM) 64-Bit Server VM (20.0.1+9-29) for windows-amd64 JRE (20.0.1+9-29), built on 2023-03-07T13:56:11Z by "mach5one" with MS VC++ 17.1 (VS2022)

END.
